{
  "specs": {},
  "functional_spec_count": {},
  "testsuites": [
    {
      "cases": [
        {
          "classname": "Test.Test_secondElement",
          "name": "test_Liveclasses",
          "developer": "-",
          "test_description": "",
          "status": "Failed",
          "logs": "<ul style='list-style-type: none; padding: 0;'></ul>",
          "details": "Message: selenium.common.exceptions.TimeoutException: Message:\nDetails: start_browser = <selenium.webdriver.chrome.webdriver.WebDriver (session=\"f617a42b11152ddc1c61ca4c3137dd99\")>\n\n    def test_Liveclasses(start_browser):\n        driver = start_browser\n        # finding the first underlined element Courses\n    \n        first_element = WebDriverWait(driver, 10).until(\n            EC.presence_of_element_located((By.XPATH, \"//a[normalize-space()='LIVE Classes']\"))\n        )\n        #print(\"Element text is:\", first_element.text)\n        print(first_element.get_attribute(\"textContent\"))\n    \n        #Parent\n        parent_of_first_element = WebDriverWait(driver,10).until(\n            EC.presence_of_element_located((By.XPATH,\"//a[normalize-space()='LIVE Classes']/parent::*\"))\n        )\n        assert parent_of_first_element is not None\n    \n        # first child\n        first_child_element = WebDriverWait(driver,10).until(\n            EC.presence_of_element_located((By.XPATH,\"//a[normalize-space()='LIVE Classes']/parent::div/child::*[1]\"))\n        )\n        assert first_child_element is not None\n    \n        #to find the second sibling\n        second_sibling_element = WebDriverWait(driver,10).until(\n            EC.presence_of_all_elements_located((By.XPATH,\"//a[normalize-space()='LIVE Classes']/following-sibling::*[2]\"))\n        )\n        assert second_sibling_element is not None\n    \n        #to find the parent of href element\n        href_parent = WebDriverWait(driver,10).until(\n            EC.presence_of_element_located((By.XPATH,\"//a[normalize-space()='LIVE Classes' and @href]/parent::div\"))\n        )\n        assert href_parent is not None\n    \n        #To find all the ancestors\n        ancestors_course = WebDriverWait(driver,10).until(\n            EC.presence_of_all_elements_located((By.XPATH,\"//a[normalize-space()='LIVE Classes']//ancestor::*\"))\n        )\n        assert ancestors_course is not None\n    \n        #To find all the following siblings\n        all_siblings = WebDriverWait(driver,10).until(\n             EC.presence_of_all_elements_located((By.XPATH,\"//a[normalize-space()='LIVE Classes']//following-sibling::*\"))\n         )\n        assert all_siblings is not None\n    \n        #To find all the preceding elements\n>       preceding_elements = WebDriverWait(driver,10).until(\n            EC.presence_of_all_elements_located((By.XPATH,\"//a[normalize-space()='Live Classes']/preceding::*\"))\n        )\n\nTest\\Test_secondElement.py:55: \n_ _ _ _ _ _ _ _ _ _ _ _ _ _ _ _ _ _ _ _ _ _ _ _ _ _ _ _ _ _ _ _ _ _ _ _ _ _ _ _\n\nself = <selenium.webdriver.support.wait.WebDriverWait (session=\"f617a42b11152ddc1c61ca4c3137dd99\")>\nmethod = <function presence_of_all_elements_located.<locals>._predicate at 0x00000290ADC1D300>\nmessage = ''\n\n    def until(self, method: Callable[[D], Literal[False] | T], message: str = \"\") -> T:\n        \"\"\"Wait until the method returns a value that is not False.\n    \n        Calls the method provided with the driver as an argument until the\n        return value does not evaluate to ``False``.\n    \n        Args:\n            method: A callable object that takes a WebDriver instance as an\n                argument.\n            message: Optional message for TimeoutException.\n    \n        Returns:\n            The result of the last call to `method`.\n    \n        Raises:\n            TimeoutException: If 'method' does not return a truthy value within\n                the WebDriverWait object's timeout.\n    \n        Example:\n            >>> from selenium.webdriver.common.by import By\n            >>> from selenium.webdriver.support.ui import WebDriverWait\n            >>> from selenium.webdriver.support import expected_conditions as EC\n            >>>\n            >>> # Wait until an element is visible on the page\n            >>> wait = WebDriverWait(driver, 10)\n            >>> element = wait.until(EC.visibility_of_element_located((By.ID, \"exampleId\")))\n            >>> print(element.text)\n        \"\"\"\n        screen = None\n        stacktrace = None\n    \n        end_time = time.monotonic() + self._timeout\n        while True:\n            try:\n                value = method(self._driver)\n                if value:\n                    return value\n            except self._ignored_exceptions as exc:\n                screen = getattr(exc, \"screen\", None)\n                stacktrace = getattr(exc, \"stacktrace\", None)\n            if time.monotonic() > end_time:\n                break\n            time.sleep(self._poll)\n>       raise TimeoutException(message, screen, stacktrace)\nE       selenium.common.exceptions.TimeoutException: Message:\n\n.venv\\Lib\\site-packages\\selenium\\webdriver\\support\\wait.py:122: TimeoutException",
          "functional_specifications": [],
          "categories": []
        }
      ]
    }
  ],
  "test_environment": "Development",
  "timestamp": "06 Jan 2026, 00:25",
  "img_url": "https://icon.icepanel.io/Technology/svg/pytest.svg",
  "test_status": "complete",
  "report_title": "pytest HTML Report",
  "category_count": {},
  "all_categories": []
}